<?xml version="1.0" encoding="UTF-8"?>
<!-- Generated by org.testng.reporters.JUnitReportReporter -->
<testsuite skipped="0" hostname="L005896" name="com.crm.qa.testcases.TestAddProductToCart" tests="1" failures="0" timestamp="20 Jan 2021 03:41:57 GMT" time="27.634" errors="0">
  <testcase name="addProductToCart" time="27.634" classname="com.crm.qa.testcases.TestAddProductToCart"/>
</testsuite> <!-- com.crm.qa.testcases.TestAddProductToCart -->
